android/plugins_build_output/geolocator_android/intermediates/manifest_merge_blame_file/debug/manifest-merger-blame-debug-report.txt
1<?xml version="1.0" encoding="utf-8"?>
2<manifest xmlns:android="http://schemas.android.com/apk/res/android"
3    package="com.baseflow.geolocator" >
4
5    <uses-sdk
6        android:minSdkVersion="16"
6-->src\main\AndroidManifest.xml
7        android:targetSdkVersion="16" />
7-->src\main\AndroidManifest.xml
8
9    <application>
9-->src\main\AndroidManifest.xml:4:5-10:19
10        <service
10-->src\main\AndroidManifest.xml:5:9-9:60
11            android:name="com.baseflow.geolocator.GeolocatorLocationService"
11-->src\main\AndroidManifest.xml:9:17-58
12            android:enabled="true"
12-->src\main\AndroidManifest.xml:6:17-39
13            android:exported="false"
13-->src\main\AndroidManifest.xml:7:17-41
14            android:foregroundServiceType="location" />
14-->src\main\AndroidManifest.xml:8:17-57
15    </application>
16
17</manifest>